<?xml version="1.0" encoding="utf-8" standalone="no"?>
<test-results xmlns:xsi="http://www.w3.org/2001/XMLSchema-instance" xsi:noNamespaceSchemaLocation="nunit_schema_2.5.xsd" name="Pester" total="1" errors="0" failures="1" not-run="0" inconclusive="0" ignored="0" skipped="0" invalid="0" date="2020-02-21" time="19:16:09">
  <environment user="risalim" platform="Microsoft Windows 10 Enterprise|C:\WINDOWS|\Device\Harddisk0\Partition4" os-version="10.0.18363" user-domain="REDMOND" clr-version="Unknown" nunit-version="2.5.8.0" machine-name="MININT-2HNVNHV" cwd="C:\one\azurestack-powershell-pr\src\Azs.Update.Admin" />
  <culture-info current-culture="en-US" current-uiculture="en-US" />
  <test-suite type="TestFixture" name="Pester" executed="True" result="Failure" success="False" time="0.8221" asserts="0" description="Pester">
    <results>
      <test-suite type="TestFixture" name="C:\one\azurestack-powershell-pr\src\Azs.Update.Admin\test\UpdateAdmin.Tests.ps1" executed="True" result="Failure" success="False" time="0.8221" asserts="0" description="C:\one\azurestack-powershell-pr\src\Azs.Update.Admin\test\UpdateAdmin.Tests.ps1">
        <results>
          <test-case description="Error occurred in test script 'C:\one\azurestack-powershell-pr\src\Azs.Update.Admin\test\UpdateAdmin.Tests.ps1'" name="Error occurred in test script 'C:\one\azurestack-powershell-pr\src\Azs.Update.Admin\test\UpdateAdmin.Tests.ps1'" time="0" asserts="0" success="False" result="Failure" executed="True">
            <failure>
              <message>This module requires Az.Accounts version 1.6.4. An earlier version of Az.Accounts is imported in the current PowerShell session. Please open a new session before importing this module. This error could indicate that multiple incompatible versions of the Azure PowerShell cmdlets are installed on your system. Please see https://aka.ms/azps-version-error for troubleshooting information.</message>
              <stack-trace>at &lt;ScriptBlock&gt;, C:\Program Files\PowerShell\Modules\Az.Resources\0.10.0\Az.Resources.psm1: line 86</stack-trace>
            </failure>
          </test-case>
        </results>
      </test-suite>
    </results>
  </test-suite>
</test-results>